:device(warning): /dev/input/event4 is not readable, some features will be unavailable.
Known pipe types:
  glxGraphicsPipe
(1 aux display modules not yet loaded.)
:device(warning): /dev/input/event4 is not readable, some features will be unavailable.
Known pipe types:
  glxGraphicsPipe
(1 aux display modules not yet loaded.)
:device(warning): /dev/input/event4 is not readable, some features will be unavailable.
Known pipe types:
  glxGraphicsPipe
(1 aux display modules not yet loaded.)
:device(warning): /dev/input/event4 is not readable, some features will be unavailable.
Known pipe types:
  glxGraphicsPipe
(1 aux display modules not yet loaded.)
:device(warning): /dev/input/event4 is not readable, some features will be unavailable.
Known pipe types:
  glxGraphicsPipe
(1 aux display modules not yet loaded.)
:device(warning): /dev/input/event4 is not readable, some features will be unavailable.
Known pipe types:
  glxGraphicsPipe
(1 aux display modules not yet loaded.)
Assertion failed: _cdata->_last_update == _cdata->_next_update at line 1503 of panda/src/pgraph/pandaNode.I
Exception in thread Thread-32:
Traceback (most recent call last):
  File "/usr/lib/python3.8/threading.py", line 932, in _bootstrap_inner
    self.run()
  File "/usr/lib/python3.8/threading.py", line 870, in run
    self._target(*self._args, **self._kwargs)
  File "lib/farduino.py", line 216, in sim_loop
    renderer.update_env_params(env.params, speedup, env.light_average(),
  File "/home/robotanist/Desktop/TerraBot/lib/render.py", line 425, in update_env_params
    self.reRenderPlants()
  File "/home/robotanist/Desktop/TerraBot/lib/render.py", line 408, in reRenderPlants
    leaf.setColor(lr + rm, lg + gm, lb + bm, 1)
AssertionError: _cdata->_last_update == _cdata->_next_update at line 1503 of panda/src/pgraph/pandaNode.I
:device(warning): /dev/input/event4 is not readable, some features will be unavailable.
Known pipe types:
  glxGraphicsPipe
(1 aux display modules not yet loaded.)
Assertion failed: _cdata->_last_update == _cdata->_next_update at line 1271 of panda/src/pgraph/pandaNode.I
Exception in thread Thread-30:
Traceback (most recent call last):
  File "/usr/lib/python3.8/threading.py", line 932, in _bootstrap_inner
    self.run()
  File "/usr/lib/python3.8/threading.py", line 870, in run
    self._target(*self._args, **self._kwargs)
  File "lib/farduino.py", line 216, in sim_loop
    renderer.update_env_params(env.params, speedup, env.light_average(),
  File "/home/robotanist/Desktop/TerraBot/lib/render.py", line 425, in update_env_params
    self.reRenderPlants()
  File "/home/robotanist/Desktop/TerraBot/lib/render.py", line 380, in reRenderPlants
    leaf.setScale(leafToModel.size)
AssertionError: _cdata->_last_update == _cdata->_next_update at line 1271 of panda/src/pgraph/pandaNode.I
* interrupt by keyboard
:device(warning): /dev/input/event4 is not readable, some features will be unavailable.
Known pipe types:
  glxGraphicsPipe
(1 aux display modules not yet loaded.)
:device(warning): /dev/input/event4 is not readable, some features will be unavailable.
Known pipe types:
  glxGraphicsPipe
(1 aux display modules not yet loaded.)
:device(warning): /dev/input/event4 is not readable, some features will be unavailable.
Known pipe types:
  glxGraphicsPipe
(1 aux display modules not yet loaded.)
:device(warning): /dev/input/event4 is not readable, some features will be unavailable.
Known pipe types:
  glxGraphicsPipe
(1 aux display modules not yet loaded.)
:device(warning): /dev/input/event4 is not readable, some features will be unavailable.
Known pipe types:
  glxGraphicsPipe
(1 aux display modules not yet loaded.)
:device(warning): /dev/input/event4 is not readable, some features will be unavailable.
Known pipe types:
  glxGraphicsPipe
(1 aux display modules not yet loaded.)
:device(warning): /dev/input/event4 is not readable, some features will be unavailable.
Known pipe types:
  glxGraphicsPipe
(1 aux display modules not yet loaded.)
:device(warning): /dev/input/event4 is not readable, some features will be unavailable.
Known pipe types:
  glxGraphicsPipe
(1 aux display modules not yet loaded.)
